2021-03-10 17:39:13,032 []-[]-[][main] [org.springframework.boot.test.json.DuplicateJsonObjectContextCustomizerFactory$DuplicateJsonObjectContextCustomizer] [WARN] (DuplicateJsonObjectContextCustomizerFactory.java:81)- 

Found multiple occurrences of org.json.JSONObject on the class path:

	jar:file:/D:/Dev/maven/repo/org/json/json/20170516/json-20170516.jar!/org/json/JSONObject.class
	jar:file:/D:/Dev/maven/repo/com/vaadin/external/google/android-json/0.0.20131108.vaadin1/android-json-0.0.20131108.vaadin1.jar!/org/json/JSONObject.class

You may wish to exclude one of them to ensure predictable runtime behavior

2021-03-10 17:39:13,039 []-[]-[][main] [cn.weeget.service.id.DefaultUidGeneratorTest] [INFO] (SpringApplication.java:647)- No active profile set, falling back to default profiles: default
2021-03-10 17:39:13,907 []-[]-[][main] [org.springframework.boot.actuate.endpoint.EndpointId] [WARN] (EndpointId.java:131)- Endpoint ID 'nacos-config' contains invalid characters, please migrate to a valid format.
2021-03-10 17:39:13,912 []-[]-[][main] [org.springframework.boot.actuate.endpoint.EndpointId] [WARN] (EndpointId.java:131)- Endpoint ID 'nacos-discovery' contains invalid characters, please migrate to a valid format.
2021-03-10 17:39:14,236 []-[]-[][main] [org.springframework.boot.actuate.endpoint.EndpointId] [WARN] (EndpointId.java:131)- Endpoint ID 'service-registry' contains invalid characters, please migrate to a valid format.
2021-03-10 17:39:14,490 []-[]-[][main] [org.springframework.cloud.context.scope.GenericScope] [INFO] (GenericScope.java:294)- BeanFactory id=c2222f9d-6736-3d35-8ccf-3567560f1a39
2021-03-10 17:39:14,682 []-[]-[][main] [org.springframework.context.support.PostProcessorRegistrationDelegate$BeanPostProcessorChecker] [INFO] (PostProcessorRegistrationDelegate.java:330)- Bean 'org.springframework.transaction.annotation.ProxyTransactionManagementConfiguration' of type [org.springframework.transaction.annotation.ProxyTransactionManagementConfiguration$$EnhancerBySpringCGLIB$$5fa62255] is not eligible for getting processed by all BeanPostProcessors (for example: not eligible for auto-proxying)
2021-03-10 17:39:14,724 []-[]-[][main] [org.springframework.context.support.PostProcessorRegistrationDelegate$BeanPostProcessorChecker] [INFO] (PostProcessorRegistrationDelegate.java:330)- Bean 'org.springframework.cloud.autoconfigure.ConfigurationPropertiesRebinderAutoConfiguration' of type [org.springframework.cloud.autoconfigure.ConfigurationPropertiesRebinderAutoConfiguration$$EnhancerBySpringCGLIB$$7bc02552] is not eligible for getting processed by all BeanPostProcessors (for example: not eligible for auto-proxying)
2021-03-10 17:39:15,229 []-[]-[][main] [com.zaxxer.hikari.HikariDataSource] [INFO] (HikariDataSource.java:110)- DatebookHikariCP - Starting...
2021-03-10 17:39:15,436 []-[]-[][main] [com.zaxxer.hikari.HikariDataSource] [INFO] (HikariDataSource.java:123)- DatebookHikariCP - Start completed.
2021-03-10 17:39:15,532 []-[]-[][main] [cn.weeget.service.id.baidu.worker.dao.WorkerNodeDAO.addWorkerNode] [DEBUG] (JakartaCommonsLoggingImpl.java:54)- ==>  Preparing: INSERT INTO WORKER_NODE (HOST_NAME, PORT, TYPE, LAUNCH_DATE, MODIFIED, CREATED) VALUES ( ?, ?, ?, ?, NOW(), NOW()) 
2021-03-10 17:39:15,559 []-[]-[][main] [cn.weeget.service.id.baidu.worker.dao.WorkerNodeDAO.addWorkerNode] [DEBUG] (JakartaCommonsLoggingImpl.java:54)- ==> Parameters: 192.168.110.224(String), 1615369155499-26781(String), 2(Integer), 2021-03-10 17:39:15.448(Timestamp)
2021-03-10 17:39:15,567 []-[]-[][main] [cn.weeget.service.id.baidu.worker.dao.WorkerNodeDAO.addWorkerNode] [DEBUG] (JakartaCommonsLoggingImpl.java:54)- <==    Updates: 1
2021-03-10 17:39:15,582 []-[]-[][main] [cn.weeget.service.id.baidu.worker.DisposableWorkerIdAssigner] [INFO] (DisposableWorkerIdAssigner.java:58)- Add worker node:WorkerNodeEntity[id=5,hostName=192.168.110.224,port=1615369155499-26781,type=2,launchDate=Wed Mar 10 17:39:15 CST 2021,created=<null>,modified=<null>]
2021-03-10 17:39:15,587 []-[]-[][main] [cn.weeget.service.id.baidu.impl.DefaultUidGenerator] [INFO] (DefaultUidGenerator.java:98)- Initialized bits(1, 28, 22, 13) for workerID:5
2021-03-10 17:39:16,918 []-[]-[][main] [org.springframework.boot.actuate.endpoint.web.EndpointLinksResolver] [INFO] (EndpointLinksResolver.java:58)- Exposing 22 endpoint(s) beneath base path '/actuator'
2021-03-10 17:39:17,318 []-[]-[][main] [com.netflix.config.sources.URLConfigurationSource] [WARN] (URLConfigurationSource.java:121)- No URLs will be polled as dynamic configuration sources.
2021-03-10 17:39:17,319 []-[]-[][main] [com.netflix.config.sources.URLConfigurationSource] [INFO] (URLConfigurationSource.java:122)- To enable URLs as dynamic configuration sources, define System property archaius.configurationSource.additionalUrls or make config.properties available on classpath.
2021-03-10 17:39:17,326 []-[]-[][main] [com.netflix.config.sources.URLConfigurationSource] [WARN] (URLConfigurationSource.java:121)- No URLs will be polled as dynamic configuration sources.
2021-03-10 17:39:17,327 []-[]-[][main] [com.netflix.config.sources.URLConfigurationSource] [INFO] (URLConfigurationSource.java:122)- To enable URLs as dynamic configuration sources, define System property archaius.configurationSource.additionalUrls or make config.properties available on classpath.
2021-03-10 17:39:18,008 []-[]-[][main] [org.springframework.scheduling.concurrent.ThreadPoolTaskExecutor] [INFO] (ExecutorConfigurationSupport.java:171)- Initializing ExecutorService 'applicationTaskExecutor'
2021-03-10 17:39:18,535 []-[]-[][main] [springfox.documentation.spring.web.PropertySourcedRequestMappingHandlerMapping] [INFO] (PropertySourcedRequestMappingHandlerMapping.java:69)- Mapped URL path [/v2/api-docs] onto method [public org.springframework.http.ResponseEntity<springfox.documentation.spring.web.json.Json> springfox.documentation.swagger2.web.Swagger2Controller.getDocumentation(java.lang.String,javax.servlet.http.HttpServletRequest)]
2021-03-10 17:39:18,628 []-[]-[][main] [org.springframework.scheduling.concurrent.ThreadPoolTaskScheduler] [INFO] (ExecutorConfigurationSupport.java:171)- Initializing ExecutorService 'Nacos-Watch-Task-Scheduler'
2021-03-10 17:39:19,549 []-[]-[][main] [springfox.documentation.spring.web.plugins.DocumentationPluginsBootstrapper] [INFO] (DocumentationPluginsBootstrapper.java:160)- Context refreshed
2021-03-10 17:39:19,572 []-[]-[][main] [springfox.documentation.spring.web.plugins.DocumentationPluginsBootstrapper] [INFO] (DocumentationPluginsBootstrapper.java:163)- Found 1 custom documentation plugin(s)
2021-03-10 17:39:19,624 []-[]-[][main] [springfox.documentation.spring.web.scanners.ApiListingReferenceScanner] [INFO] (ApiListingReferenceScanner.java:41)- Scanning for api listing references
2021-03-10 17:39:19,754 []-[]-[][main] [springfox.documentation.spring.web.readers.operation.CachingOperationNameGenerator] [INFO] (CachingOperationNameGenerator.java:40)- Generating unique operation named: checkUsingGET_1
2021-03-10 17:39:19,756 []-[]-[][main] [springfox.documentation.spring.web.readers.operation.CachingOperationNameGenerator] [INFO] (CachingOperationNameGenerator.java:40)- Generating unique operation named: checkUsingHEAD_1
2021-03-10 17:39:19,759 []-[]-[][main] [springfox.documentation.spring.web.readers.operation.CachingOperationNameGenerator] [INFO] (CachingOperationNameGenerator.java:40)- Generating unique operation named: checkUsingPOST_1
2021-03-10 17:39:19,760 []-[]-[][main] [springfox.documentation.spring.web.readers.operation.CachingOperationNameGenerator] [INFO] (CachingOperationNameGenerator.java:40)- Generating unique operation named: checkUsingPUT_1
2021-03-10 17:39:19,761 []-[]-[][main] [springfox.documentation.spring.web.readers.operation.CachingOperationNameGenerator] [INFO] (CachingOperationNameGenerator.java:40)- Generating unique operation named: checkUsingPATCH_1
2021-03-10 17:39:19,762 []-[]-[][main] [springfox.documentation.spring.web.readers.operation.CachingOperationNameGenerator] [INFO] (CachingOperationNameGenerator.java:40)- Generating unique operation named: checkUsingDELETE_1
2021-03-10 17:39:19,763 []-[]-[][main] [springfox.documentation.spring.web.readers.operation.CachingOperationNameGenerator] [INFO] (CachingOperationNameGenerator.java:40)- Generating unique operation named: checkUsingOPTIONS_1
2021-03-10 17:39:19,765 []-[]-[][main] [springfox.documentation.spring.web.readers.operation.CachingOperationNameGenerator] [INFO] (CachingOperationNameGenerator.java:40)- Generating unique operation named: checkUsingTRACE_1
2021-03-10 17:39:19,836 []-[]-[][main] [cn.weeget.service.id.DefaultUidGeneratorTest] [INFO] (StartupInfoLogger.java:59)- Started DefaultUidGeneratorTest in 8.27 seconds (JVM running for 10.969)
2021-03-10 17:39:32,024 []-[]-[][Thread-13] [org.springframework.scheduling.concurrent.ThreadPoolTaskScheduler] [INFO] (ExecutorConfigurationSupport.java:208)- Shutting down ExecutorService 'Nacos-Watch-Task-Scheduler'
2021-03-10 17:39:32,027 []-[]-[][Thread-13] [org.springframework.scheduling.concurrent.ThreadPoolTaskExecutor] [INFO] (ExecutorConfigurationSupport.java:208)- Shutting down ExecutorService 'applicationTaskExecutor'
2021-03-10 17:39:32,029 []-[]-[][Thread-13] [org.springframework.beans.factory.support.DisposableBeanAdapter] [WARN] (DisposableBeanAdapter.java:349)- Destroy method 'close' on bean with name 'nacosServiceRegistry' threw an exception: java.lang.NoSuchMethodError: com.alibaba.nacos.api.naming.NamingService.shutDown()V
2021-03-10 17:39:32,032 []-[]-[][Thread-13] [com.zaxxer.hikari.HikariDataSource] [INFO] (HikariDataSource.java:350)- DatebookHikariCP - Shutdown initiated...
2021-03-10 17:39:32,041 []-[]-[][Thread-13] [com.zaxxer.hikari.HikariDataSource] [INFO] (HikariDataSource.java:352)- DatebookHikariCP - Shutdown completed.
2021-03-10 17:42:00,383 []-[]-[][main] [org.springframework.boot.test.json.DuplicateJsonObjectContextCustomizerFactory$DuplicateJsonObjectContextCustomizer] [WARN] (DuplicateJsonObjectContextCustomizerFactory.java:81)- 

Found multiple occurrences of org.json.JSONObject on the class path:

	jar:file:/D:/Dev/maven/repo/org/json/json/20170516/json-20170516.jar!/org/json/JSONObject.class
	jar:file:/D:/Dev/maven/repo/com/vaadin/external/google/android-json/0.0.20131108.vaadin1/android-json-0.0.20131108.vaadin1.jar!/org/json/JSONObject.class

You may wish to exclude one of them to ensure predictable runtime behavior

2021-03-10 17:42:00,389 []-[]-[][main] [cn.weeget.service.id.DefaultUidGeneratorTest] [INFO] (SpringApplication.java:647)- No active profile set, falling back to default profiles: default
2021-03-10 17:42:01,173 []-[]-[][main] [org.springframework.boot.actuate.endpoint.EndpointId] [WARN] (EndpointId.java:131)- Endpoint ID 'nacos-config' contains invalid characters, please migrate to a valid format.
2021-03-10 17:42:01,178 []-[]-[][main] [org.springframework.boot.actuate.endpoint.EndpointId] [WARN] (EndpointId.java:131)- Endpoint ID 'nacos-discovery' contains invalid characters, please migrate to a valid format.
2021-03-10 17:42:01,453 []-[]-[][main] [org.springframework.boot.actuate.endpoint.EndpointId] [WARN] (EndpointId.java:131)- Endpoint ID 'service-registry' contains invalid characters, please migrate to a valid format.
2021-03-10 17:42:01,700 []-[]-[][main] [org.springframework.cloud.context.scope.GenericScope] [INFO] (GenericScope.java:294)- BeanFactory id=c2222f9d-6736-3d35-8ccf-3567560f1a39
2021-03-10 17:42:01,875 []-[]-[][main] [org.springframework.context.support.PostProcessorRegistrationDelegate$BeanPostProcessorChecker] [INFO] (PostProcessorRegistrationDelegate.java:330)- Bean 'org.springframework.transaction.annotation.ProxyTransactionManagementConfiguration' of type [org.springframework.transaction.annotation.ProxyTransactionManagementConfiguration$$EnhancerBySpringCGLIB$$8e71d7b8] is not eligible for getting processed by all BeanPostProcessors (for example: not eligible for auto-proxying)
2021-03-10 17:42:01,917 []-[]-[][main] [org.springframework.context.support.PostProcessorRegistrationDelegate$BeanPostProcessorChecker] [INFO] (PostProcessorRegistrationDelegate.java:330)- Bean 'org.springframework.cloud.autoconfigure.ConfigurationPropertiesRebinderAutoConfiguration' of type [org.springframework.cloud.autoconfigure.ConfigurationPropertiesRebinderAutoConfiguration$$EnhancerBySpringCGLIB$$aa8bdab5] is not eligible for getting processed by all BeanPostProcessors (for example: not eligible for auto-proxying)
2021-03-10 17:42:02,398 []-[]-[][main] [com.zaxxer.hikari.HikariDataSource] [INFO] (HikariDataSource.java:110)- DatebookHikariCP - Starting...
2021-03-10 17:42:02,585 []-[]-[][main] [com.zaxxer.hikari.HikariDataSource] [INFO] (HikariDataSource.java:123)- DatebookHikariCP - Start completed.
2021-03-10 17:42:02,663 []-[]-[][main] [cn.weeget.service.id.baidu.worker.dao.WorkerNodeDAO.addWorkerNode] [DEBUG] (JakartaCommonsLoggingImpl.java:54)- ==>  Preparing: INSERT INTO WORKER_NODE (HOST_NAME, PORT, TYPE, LAUNCH_DATE, MODIFIED, CREATED) VALUES ( ?, ?, ?, ?, NOW(), NOW()) 
2021-03-10 17:42:02,682 []-[]-[][main] [cn.weeget.service.id.baidu.worker.dao.WorkerNodeDAO.addWorkerNode] [DEBUG] (JakartaCommonsLoggingImpl.java:54)- ==> Parameters: 192.168.110.224(String), 1615369322641-32873(String), 2(Integer), 2021-03-10 17:42:02.596(Timestamp)
2021-03-10 17:42:02,688 []-[]-[][main] [cn.weeget.service.id.baidu.worker.dao.WorkerNodeDAO.addWorkerNode] [DEBUG] (JakartaCommonsLoggingImpl.java:54)- <==    Updates: 1
2021-03-10 17:42:02,704 []-[]-[][main] [cn.weeget.service.id.baidu.worker.DisposableWorkerIdAssigner] [INFO] (DisposableWorkerIdAssigner.java:58)- Add worker node:WorkerNodeEntity[id=6,hostName=192.168.110.224,port=1615369322641-32873,type=2,launchDate=Wed Mar 10 17:42:02 CST 2021,created=<null>,modified=<null>]
2021-03-10 17:42:02,709 []-[]-[][main] [cn.weeget.service.id.baidu.impl.DefaultUidGenerator] [INFO] (DefaultUidGenerator.java:98)- Initialized bits(1, 28, 22, 13) for workerID:6
2021-03-10 17:42:04,013 []-[]-[][main] [org.springframework.boot.actuate.endpoint.web.EndpointLinksResolver] [INFO] (EndpointLinksResolver.java:58)- Exposing 22 endpoint(s) beneath base path '/actuator'
2021-03-10 17:42:04,477 []-[]-[][main] [com.netflix.config.sources.URLConfigurationSource] [WARN] (URLConfigurationSource.java:121)- No URLs will be polled as dynamic configuration sources.
2021-03-10 17:42:04,477 []-[]-[][main] [com.netflix.config.sources.URLConfigurationSource] [INFO] (URLConfigurationSource.java:122)- To enable URLs as dynamic configuration sources, define System property archaius.configurationSource.additionalUrls or make config.properties available on classpath.
2021-03-10 17:42:04,486 []-[]-[][main] [com.netflix.config.sources.URLConfigurationSource] [WARN] (URLConfigurationSource.java:121)- No URLs will be polled as dynamic configuration sources.
2021-03-10 17:42:04,486 []-[]-[][main] [com.netflix.config.sources.URLConfigurationSource] [INFO] (URLConfigurationSource.java:122)- To enable URLs as dynamic configuration sources, define System property archaius.configurationSource.additionalUrls or make config.properties available on classpath.
2021-03-10 17:42:04,767 []-[]-[][main] [org.springframework.scheduling.concurrent.ThreadPoolTaskExecutor] [INFO] (ExecutorConfigurationSupport.java:171)- Initializing ExecutorService 'applicationTaskExecutor'
2021-03-10 17:42:05,219 []-[]-[][main] [springfox.documentation.spring.web.PropertySourcedRequestMappingHandlerMapping] [INFO] (PropertySourcedRequestMappingHandlerMapping.java:69)- Mapped URL path [/v2/api-docs] onto method [public org.springframework.http.ResponseEntity<springfox.documentation.spring.web.json.Json> springfox.documentation.swagger2.web.Swagger2Controller.getDocumentation(java.lang.String,javax.servlet.http.HttpServletRequest)]
2021-03-10 17:42:05,375 []-[]-[][main] [org.springframework.scheduling.concurrent.ThreadPoolTaskScheduler] [INFO] (ExecutorConfigurationSupport.java:171)- Initializing ExecutorService 'Nacos-Watch-Task-Scheduler'
2021-03-10 17:42:06,760 []-[]-[][main] [springfox.documentation.spring.web.plugins.DocumentationPluginsBootstrapper] [INFO] (DocumentationPluginsBootstrapper.java:160)- Context refreshed
2021-03-10 17:42:06,779 []-[]-[][main] [springfox.documentation.spring.web.plugins.DocumentationPluginsBootstrapper] [INFO] (DocumentationPluginsBootstrapper.java:163)- Found 1 custom documentation plugin(s)
2021-03-10 17:42:06,835 []-[]-[][main] [springfox.documentation.spring.web.scanners.ApiListingReferenceScanner] [INFO] (ApiListingReferenceScanner.java:41)- Scanning for api listing references
2021-03-10 17:42:06,952 []-[]-[][main] [springfox.documentation.spring.web.readers.operation.CachingOperationNameGenerator] [INFO] (CachingOperationNameGenerator.java:40)- Generating unique operation named: checkUsingGET_1
2021-03-10 17:42:06,953 []-[]-[][main] [springfox.documentation.spring.web.readers.operation.CachingOperationNameGenerator] [INFO] (CachingOperationNameGenerator.java:40)- Generating unique operation named: checkUsingHEAD_1
2021-03-10 17:42:06,954 []-[]-[][main] [springfox.documentation.spring.web.readers.operation.CachingOperationNameGenerator] [INFO] (CachingOperationNameGenerator.java:40)- Generating unique operation named: checkUsingPOST_1
2021-03-10 17:42:06,955 []-[]-[][main] [springfox.documentation.spring.web.readers.operation.CachingOperationNameGenerator] [INFO] (CachingOperationNameGenerator.java:40)- Generating unique operation named: checkUsingPUT_1
2021-03-10 17:42:06,957 []-[]-[][main] [springfox.documentation.spring.web.readers.operation.CachingOperationNameGenerator] [INFO] (CachingOperationNameGenerator.java:40)- Generating unique operation named: checkUsingPATCH_1
2021-03-10 17:42:06,958 []-[]-[][main] [springfox.documentation.spring.web.readers.operation.CachingOperationNameGenerator] [INFO] (CachingOperationNameGenerator.java:40)- Generating unique operation named: checkUsingDELETE_1
2021-03-10 17:42:06,959 []-[]-[][main] [springfox.documentation.spring.web.readers.operation.CachingOperationNameGenerator] [INFO] (CachingOperationNameGenerator.java:40)- Generating unique operation named: checkUsingOPTIONS_1
2021-03-10 17:42:06,961 []-[]-[][main] [springfox.documentation.spring.web.readers.operation.CachingOperationNameGenerator] [INFO] (CachingOperationNameGenerator.java:40)- Generating unique operation named: checkUsingTRACE_1
2021-03-10 17:42:07,262 []-[]-[][main] [cn.weeget.service.id.DefaultUidGeneratorTest] [INFO] (StartupInfoLogger.java:59)- Started DefaultUidGeneratorTest in 8.792 seconds (JVM running for 9.651)
2021-03-10 17:42:19,025 []-[]-[][Thread-13] [org.springframework.scheduling.concurrent.ThreadPoolTaskScheduler] [INFO] (ExecutorConfigurationSupport.java:208)- Shutting down ExecutorService 'Nacos-Watch-Task-Scheduler'
2021-03-10 17:42:19,027 []-[]-[][Thread-13] [org.springframework.scheduling.concurrent.ThreadPoolTaskExecutor] [INFO] (ExecutorConfigurationSupport.java:208)- Shutting down ExecutorService 'applicationTaskExecutor'
2021-03-10 17:42:19,029 []-[]-[][Thread-13] [org.springframework.beans.factory.support.DisposableBeanAdapter] [WARN] (DisposableBeanAdapter.java:349)- Destroy method 'close' on bean with name 'nacosServiceRegistry' threw an exception: java.lang.NoSuchMethodError: com.alibaba.nacos.api.naming.NamingService.shutDown()V
2021-03-10 17:42:19,032 []-[]-[][Thread-13] [com.zaxxer.hikari.HikariDataSource] [INFO] (HikariDataSource.java:350)- DatebookHikariCP - Shutdown initiated...
2021-03-10 17:42:19,043 []-[]-[][Thread-13] [com.zaxxer.hikari.HikariDataSource] [INFO] (HikariDataSource.java:352)- DatebookHikariCP - Shutdown completed.
